2025-07-24 14:50:20,328 - INFO - ๐ค ULTRA_PLUS_BOT - ูุฏุฑ ููุงูู ุฑุจุงุช ุชูฺฏุฑุงู
2025-07-24 14:50:20,328 - INFO - ============================================================
2025-07-24 14:50:20,328 - INFO - โ ูุณุชูู ุงุฒ ูุถุนุช ูุฑูุฑฺฏุฑ
2025-07-24 14:50:20,328 - INFO - ๐ ุฑุงูโุงูุฏุงุฒ ูุฌุฏุฏ ุฎูุฏฺฉุงุฑ
2025-07-24 14:50:20,328 - INFO - ๐ก๏ธ ููุงูู ุฏุฑ ุจุฑุงุจุฑ ุฎุฑุงุจ
2025-07-24 14:50:20,328 - INFO - ๐ ุงุชุตุงู ูุณุชูู ุจู ุงูุชุฑูุช
2025-07-24 14:50:20,329 - INFO - ============================================================
2025-07-24 14:50:20,329 - INFO - โ ุชูฺฉู ุชูฺฏุฑุงู ููุฌูุฏ ุงุณุช
2025-07-24 14:50:20,330 - INFO - ๐ ุฑุจุงุช ุชูฺฏุฑุงู ุดุฑูุน ุดุฏ (PID: 1105)
2025-07-24 14:50:20,331 - INFO - ๐ ุดุฑูุน ูุธุงุฑุช ุจุฑ ุฑุจุงุช...
2025-07-24 15:39:33,652 - INFO - ๐ค ULTRA_PLUS_BOT - ูุฏุฑ ููุงูู ุฑุจุงุช ุชูฺฏุฑุงู
2025-07-24 15:39:33,652 - INFO - ๐ค ULTRA_PLUS_BOT - ูุฏุฑ ููุงูู ุฑุจุงุช ุชูฺฏุฑุงู
2025-07-24 15:39:33,653 - INFO - ============================================================
2025-07-24 15:39:33,653 - INFO - โ ูุณุชูู ุงุฒ ูุถุนุช ูุฑูุฑฺฏุฑ
2025-07-24 15:39:33,653 - INFO - ๐ ุฑุงูโุงูุฏุงุฒ ูุฌุฏุฏ ุฎูุฏฺฉุงุฑ
2025-07-24 15:39:33,653 - INFO - ============================================================
2025-07-24 15:39:33,654 - INFO - โ ูุณุชูู ุงุฒ ูุถุนุช ูุฑูุฑฺฏุฑ
2025-07-24 15:39:33,654 - INFO - ๐ ุฑุงูโุงูุฏุงุฒ ูุฌุฏุฏ ุฎูุฏฺฉุงุฑ
2025-07-24 15:39:33,654 - INFO - ๐ก๏ธ ููุงูู ุฏุฑ ุจุฑุงุจุฑ ุฎุฑุงุจ
2025-07-24 15:39:33,654 - INFO - ๐ ุงุชุตุงู ูุณุชูู ุจู ุงูุชุฑูุช
2025-07-24 15:39:33,654 - INFO - ============================================================
2025-07-24 15:39:33,656 - INFO - โ ุชูฺฉู ุชูฺฏุฑุงู ููุฌูุฏ ุงุณุช
2025-07-24 15:39:33,656 - INFO - ๐ ุฑุจุงุช ุชูฺฏุฑุงู ุดุฑูุน ุดุฏ (PID: 294)
2025-07-24 15:39:33,657 - INFO - ๐ก๏ธ ููุงูู ุฏุฑ ุจุฑุงุจุฑ ุฎุฑุงุจ
2025-07-24 15:39:33,657 - INFO - ๐ ุงุชุตุงู ูุณุชูู ุจู ุงูุชุฑูุช
2025-07-24 15:39:33,657 - INFO - ============================================================
2025-07-24 15:39:33,657 - INFO - โ ุชูฺฉู ุชูฺฏุฑุงู ููุฌูุฏ ุงุณุช
2025-07-24 15:39:33,657 - INFO - ๐ ุดุฑูุน ูุธุงุฑุช ุจุฑ ุฑุจุงุช...
2025-07-24 15:39:33,658 - INFO - ๐ ุฑุจุงุช ุชูฺฏุฑุงู ุดุฑูุน ุดุฏ (PID: 300)
2025-07-24 15:39:33,658 - INFO - ๐ ุดุฑูุน ูุธุงุฑุช ุจุฑ ุฑุจุงุช...
2025-07-24 15:40:33,659 - WARNING - โ๏ธ ุฑุจุงุช ูุชููู ุดุฏู - ุชูุงุด ุจุฑุง ุฑุงูโุงูุฏุงุฒ ูุฌุฏุฏ...
2025-07-24 15:40:33,659 - INFO - ๐ ูุชููู ฺฉุฑุฏู ุฑุจุงุช...
2025-07-24 15:40:33,659 - INFO - โ ุฑุจุงุช ูุชููู ุดุฏ
2025-07-24 15:40:33,660 - WARNING - โ๏ธ ุฑุจุงุช ูุชููู ุดุฏู - ุชูุงุด ุจุฑุง ุฑุงูโุงูุฏุงุฒ ูุฌุฏุฏ...
2025-07-24 15:40:33,660 - INFO - ๐ ูุชููู ฺฉุฑุฏู ุฑุจุงุช...
2025-07-24 15:40:33,660 - INFO - โ ุฑุจุงุช ูุชููู ุดุฏ
2025-07-24 15:40:33,726 - INFO - ๐ ุฏุฑุงูุช ุณฺฏูุงู 15 - ุดุฑูุน ุฎุฑูุฌ ุงูู...
2025-07-24 15:40:35,660 - INFO - ๐ ุฑุจุงุช ุชูฺฏุฑุงู ุดุฑูุน ุดุฏ (PID: 792)
2025-07-24 15:40:35,661 - INFO - ๐ ุฑุจุงุช ุฑุงูโุงูุฏุงุฒ ูุฌุฏุฏ ุดุฏ (ุชุนุฏุงุฏ: 1)
2025-07-24 15:40:35,661 - INFO - ๐ ุฑุจุงุช ุชูฺฏุฑุงู ุดุฑูุน ุดุฏ (PID: 793)
2025-07-24 15:40:35,661 - INFO - ๐ ุฑุจุงุช ุฑุงูโุงูุฏุงุฒ ูุฌุฏุฏ ุดุฏ (ุชุนุฏุงุฏ: 1)
2025-07-24 15:40:36,926 - INFO - ๐ค ULTRA_PLUS_BOT - ูุฏุฑ ููุงูู ุฑุจุงุช ุชูฺฏุฑุงู
2025-07-24 15:40:36,926 - INFO - ============================================================
2025-07-24 15:40:36,926 - INFO - โ ูุณุชูู ุงุฒ ูุถุนุช ูุฑูุฑฺฏุฑ
2025-07-24 15:40:36,926 - INFO - ๐ ุฑุงูโุงูุฏุงุฒ ูุฌุฏุฏ ุฎูุฏฺฉุงุฑ
2025-07-24 15:40:36,926 - INFO - ๐ก๏ธ ููุงูู ุฏุฑ ุจุฑุงุจุฑ ุฎุฑุงุจ
2025-07-24 15:40:36,926 - INFO - ๐ ุงุชุตุงู ูุณุชูู ุจู ุงูุชุฑูุช
2025-07-24 15:40:36,926 - INFO - ============================================================
2025-07-24 15:40:36,926 - INFO - โ ุชูฺฉู ุชูฺฏุฑุงู ููุฌูุฏ ุงุณุช
2025-07-24 15:40:36,927 - INFO - ๐ ุฑุจุงุช ุชูฺฏุฑุงู ุดุฑูุน ุดุฏ (PID: 817)
2025-07-24 15:40:36,928 - INFO - ๐ ุดุฑูุน ูุธุงุฑุช ุจุฑ ุฑุจุงุช...
2025-07-24 15:40:49,380 - INFO - ๐ ุฏุฑุงูุช ุณฺฏูุงู 15 - ุดุฑูุน ุฎุฑูุฌ ุงูู...
2025-07-24 15:40:49,380 - INFO - ๐ ุฏุฑุงูุช ุณฺฏูุงู 15 - ุดุฑูุน ุฎุฑูุฌ ุงูู...
2025-07-24 15:40:50,661 - INFO - ๐งน ุดุฑูุน ูพุงฺฉุณุงุฒ...
2025-07-24 15:40:50,662 - INFO - ๐ ูุชููู ฺฉุฑุฏู ุฑุจุงุช...
2025-07-24 15:40:50,662 - INFO - โ ุฑุจุงุช ูุชููู ุดุฏ
2025-07-24 15:40:50,662 - INFO - ๐ ูุฏุฑ ููุงูู ุฑุจุงุช ุฎุงุชูู ุงูุช
2025-07-24 15:40:50,662 - INFO - ๐ ุขูุงุฑ ููุง: 1 ุจุงุฑ ุฑุงูโุงูุฏุงุฒ ูุฌุฏุฏ
2025-07-24 15:40:51,928 - INFO - ๐งน ุดุฑูุน ูพุงฺฉุณุงุฒ...
2025-07-24 15:40:51,928 - INFO - ๐ ูุชููู ฺฉุฑุฏู ุฑุจุงุช...
2025-07-24 15:40:51,928 - INFO - โ ุฑุจุงุช ูุชููู ุดุฏ
2025-07-24 15:40:51,929 - INFO - ๐ ูุฏุฑ ููุงูู ุฑุจุงุช ุฎุงุชูู ุงูุช
2025-07-24 15:40:51,929 - INFO - ๐ ุขูุงุฑ ููุง: 0 ุจุงุฑ ุฑุงูโุงูุฏุงุฒ ูุฌุฏุฏ
2025-07-24 21:32:00,008 - INFO - ๐ค ULTRA_PLUS_BOT - ูุฏุฑ ููุงูู ุฑุจุงุช ุชูฺฏุฑุงู
2025-07-24 21:32:00,012 - INFO - ============================================================
2025-07-24 21:32:00,012 - INFO - โ ูุณุชูู ุงุฒ ูุถุนุช ูุฑูุฑฺฏุฑ
2025-07-24 21:32:00,012 - INFO - ๐ ุฑุงูโุงูุฏุงุฒ ูุฌุฏุฏ ุฎูุฏฺฉุงุฑ
2025-07-24 21:32:00,012 - INFO - ๐ก๏ธ ููุงูู ุฏุฑ ุจุฑุงุจุฑ ุฎุฑุงุจ
2025-07-24 21:32:00,012 - INFO - ๐ ุงุชุตุงู ูุณุชูู ุจู ุงูุชุฑูุช
2025-07-24 21:32:00,012 - INFO - ============================================================
2025-07-24 21:32:00,012 - INFO - โ ุชูฺฉู ุชูฺฏุฑุงู ููุฌูุฏ ุงุณุช
2025-07-24 21:32:00,013 - INFO - ๐ ุฑุจุงุช ุชูฺฏุฑุงู ุดุฑูุน ุดุฏ (PID: 297)
2025-07-24 21:32:00,013 - INFO - ๐ ุดุฑูุน ูุธุงุฑุช ุจุฑ ุฑุจุงุช...
2025-07-24 21:35:47,442 - INFO - ๐ ุฏุฑุงูุช ุณฺฏูุงู 15 - ุดุฑูุน ุฎุฑูุฌ ุงูู...
2025-07-24 21:35:50,027 - INFO - ๐งน ุดุฑูุน ูพุงฺฉุณุงุฒ...
2025-07-24 21:35:50,027 - INFO - ๐ ูุชููู ฺฉุฑุฏู ุฑุจุงุช...
2025-07-24 21:35:50,027 - INFO - โ ุฑุจุงุช ูุชููู ุดุฏ
2025-07-24 21:35:50,027 - INFO - ๐ ูุฏุฑ ููุงูู ุฑุจุงุช ุฎุงุชูู ุงูุช
2025-07-24 21:35:50,028 - INFO - ๐ ุขูุงุฑ ููุง: 0 ุจุงุฑ ุฑุงูโุงูุฏุงุฒ ูุฌุฏุฏ
2025-07-24 21:35:50,587 - INFO - ๐ค ULTRA_PLUS_BOT - ูุฏุฑ ููุงูู ุฑุจุงุช ุชูฺฏุฑุงู
2025-07-24 21:35:50,587 - INFO - ============================================================
2025-07-24 21:35:50,588 - INFO - โ ูุณุชูู ุงุฒ ูุถุนุช ูุฑูุฑฺฏุฑ
2025-07-24 21:35:50,588 - INFO - ๐ ุฑุงูโุงูุฏุงุฒ ูุฌุฏุฏ ุฎูุฏฺฉุงุฑ
2025-07-24 21:35:50,588 - INFO - ๐ก๏ธ ููุงูู ุฏุฑ ุจุฑุงุจุฑ ุฎุฑุงุจ
2025-07-24 21:35:50,588 - INFO - ๐ ุงุชุตุงู ูุณุชูู ุจู ุงูุชุฑูุช
2025-07-24 21:35:50,588 - INFO - ============================================================
2025-07-24 21:35:50,588 - INFO - โ ุชูฺฉู ุชูฺฏุฑุงู ููุฌูุฏ ุงุณุช
2025-07-24 21:35:50,589 - INFO - ๐ ุฑุจุงุช ุชูฺฏุฑุงู ุดุฑูุน ุดุฏ (PID: 945)
2025-07-24 21:35:50,589 - INFO - ๐ ุดุฑูุน ูุธุงุฑุช ุจุฑ ุฑุจุงุช...
2025-07-24 21:36:10,001 - INFO - ๐ ุฏุฑุงูุช ุณฺฏูุงู 15 - ุดุฑูุน ุฎุฑูุฌ ุงูู...
2025-07-24 21:36:10,590 - INFO - ๐งน ุดุฑูุน ูพุงฺฉุณุงุฒ...
2025-07-24 21:36:10,591 - INFO - ๐ ูุชููู ฺฉุฑุฏู ุฑุจุงุช...
2025-07-24 21:36:10,591 - INFO - โ ุฑุจุงุช ูุชููู ุดุฏ
2025-07-24 21:36:10,591 - INFO - ๐ ูุฏุฑ ููุงูู ุฑุจุงุช ุฎุงุชูู ุงูุช
2025-07-24 21:36:10,592 - INFO - ๐ ุขูุงุฑ ููุง: 0 ุจุงุฑ ุฑุงูโุงูุฏุงุฒ ูุฌุฏุฏ
2025-07-24 21:36:11,493 - INFO - ๐ค ULTRA_PLUS_BOT - ูุฏุฑ ููุงูู ุฑุจุงุช ุชูฺฏุฑุงู
2025-07-24 21:36:11,494 - INFO - ============================================================
2025-07-24 21:36:11,494 - INFO - โ ูุณุชูู ุงุฒ ูุถุนุช ูุฑูุฑฺฏุฑ
2025-07-24 21:36:11,494 - INFO - ๐ ุฑุงูโุงูุฏุงุฒ ูุฌุฏุฏ ุฎูุฏฺฉุงุฑ
2025-07-24 21:36:11,494 - INFO - ๐ก๏ธ ููุงูู ุฏุฑ ุจุฑุงุจุฑ ุฎุฑุงุจ
2025-07-24 21:36:11,494 - INFO - ๐ ุงุชุตุงู ูุณุชูู ุจู ุงูุชุฑูุช
2025-07-24 21:36:11,494 - INFO - ============================================================
2025-07-24 21:36:11,494 - INFO - โ ุชูฺฉู ุชูฺฏุฑุงู ููุฌูุฏ ุงุณุช
2025-07-24 21:36:11,496 - INFO - ๐ ุฑุจุงุช ุชูฺฏุฑุงู ุดุฑูุน ุดุฏ (PID: 1151)
2025-07-24 21:36:11,498 - INFO - ๐ ุดุฑูุน ูุธุงุฑุช ุจุฑ ุฑุจุงุช...
2025-07-24 21:37:04,277 - INFO - ๐ ุฏุฑุงูุช ุณฺฏูุงู 15 - ุดุฑูุน ุฎุฑูุฌ ุงูู...
2025-07-24 21:37:06,504 - INFO - ๐งน ุดุฑูุน ูพุงฺฉุณุงุฒ...
2025-07-24 21:37:06,504 - INFO - ๐ ูุชููู ฺฉุฑุฏู ุฑุจุงุช...
2025-07-24 21:37:06,505 - INFO - โ ุฑุจุงุช ูุชููู ุดุฏ
2025-07-24 21:37:06,505 - INFO - ๐ ูุฏุฑ ููุงูู ุฑุจุงุช ุฎุงุชูู ุงูุช
2025-07-24 21:37:06,505 - INFO - ๐ ุขูุงุฑ ููุง: 0 ุจุงุฑ ุฑุงูโุงูุฏุงุฒ ูุฌุฏุฏ
2025-07-24 21:37:08,186 - INFO - ๐ค ULTRA_PLUS_BOT - ูุฏุฑ ููุงูู ุฑุจุงุช ุชูฺฏุฑุงู
2025-07-24 21:37:08,186 - INFO - ============================================================
2025-07-24 21:37:08,186 - INFO - โ ูุณุชูู ุงุฒ ูุถุนุช ูุฑูุฑฺฏุฑ
2025-07-24 21:37:08,187 - INFO - ๐ ุฑุงูโุงูุฏุงุฒ ูุฌุฏุฏ ุฎูุฏฺฉุงุฑ
2025-07-24 21:37:08,187 - INFO - ๐ก๏ธ ููุงูู ุฏุฑ ุจุฑุงุจุฑ ุฎุฑุงุจ
2025-07-24 21:37:08,187 - INFO - ๐ ุงุชุตุงู ูุณุชูู ุจู ุงูุชุฑูุช
2025-07-24 21:37:08,187 - INFO - ============================================================
2025-07-24 21:37:08,187 - INFO - โ ุชูฺฉู ุชูฺฏุฑุงู ููุฌูุฏ ุงุณุช
2025-07-24 21:37:08,188 - INFO - ๐ ุฑุจุงุช ุชูฺฏุฑุงู ุดุฑูุน ุดุฏ (PID: 1577)
2025-07-24 21:37:08,199 - INFO - ๐ ุดุฑูุน ูุธุงุฑุช ุจุฑ ุฑุจุงุช...
2025-07-24 21:59:37,479 - INFO - ๐ค ULTRA_PLUS_BOT - ูุฏุฑ ููุงูู ุฑุจุงุช ุชูฺฏุฑุงู
2025-07-24 21:59:37,486 - INFO - ============================================================
2025-07-24 21:59:37,486 - INFO - โ ูุณุชูู ุงุฒ ูุถุนุช ูุฑูุฑฺฏุฑ
2025-07-24 21:59:37,486 - INFO - ๐ ุฑุงูโุงูุฏุงุฒ ูุฌุฏุฏ ุฎูุฏฺฉุงุฑ
2025-07-24 21:59:37,486 - INFO - ๐ก๏ธ ููุงูู ุฏุฑ ุจุฑุงุจุฑ ุฎุฑุงุจ
2025-07-24 21:59:37,486 - INFO - ๐ ุงุชุตุงู ูุณุชูู ุจู ุงูุชุฑูุช
2025-07-24 21:59:37,487 - INFO - ============================================================
2025-07-24 21:59:37,487 - INFO - โ ุชูฺฉู ุชูฺฏุฑุงู ููุฌูุฏ ุงุณุช
2025-07-24 21:59:37,488 - INFO - ๐ ุฑุจุงุช ุชูฺฏุฑุงู ุดุฑูุน ุดุฏ (PID: 145)
2025-07-24 21:59:37,488 - INFO - ๐ ุดุฑูุน ูุธุงุฑุช ุจุฑ ุฑุจุงุช...
2025-07-25 06:30:09,661 - INFO - ๐ค ULTRA_PLUS_BOT - ูุฏุฑ ููุงูู ุฑุจุงุช ุชูฺฏุฑุงู
2025-07-25 06:30:09,665 - INFO - ============================================================
2025-07-25 06:30:09,665 - INFO - โ ูุณุชูู ุงุฒ ูุถุนุช ูุฑูุฑฺฏุฑ
2025-07-25 06:30:09,665 - INFO - ๐ ุฑุงูโุงูุฏุงุฒ ูุฌุฏุฏ ุฎูุฏฺฉุงุฑ
2025-07-25 06:30:09,665 - INFO - ๐ก๏ธ ููุงูู ุฏุฑ ุจุฑุงุจุฑ ุฎุฑุงุจ
2025-07-25 06:30:09,665 - INFO - ๐ ุงุชุตุงู ูุณุชูู ุจู ุงูุชุฑูุช
2025-07-25 06:30:09,665 - INFO - ============================================================
2025-07-25 06:30:09,665 - INFO - โ ุชูฺฉู ุชูฺฏุฑุงู ููุฌูุฏ ุงุณุช
2025-07-25 06:30:09,666 - INFO - ๐ ุฑุจุงุช ุชูฺฏุฑุงู ุดุฑูุน ุดุฏ (PID: 226)
2025-07-25 06:30:09,666 - INFO - ๐ ุดุฑูุน ูุธุงุฑุช ุจุฑ ุฑุจุงุช...
2025-07-25 06:33:09,671 - WARNING - โ๏ธ ุฑุจุงุช ูุชููู ุดุฏู - ุชูุงุด ุจุฑุง ุฑุงูโุงูุฏุงุฒ ูุฌุฏุฏ...
2025-07-25 06:33:09,671 - INFO - ๐ ูุชููู ฺฉุฑุฏู ุฑุจุงุช...
2025-07-25 06:33:09,671 - INFO - โ ุฑุจุงุช ูุชููู ุดุฏ
2025-07-25 06:33:11,672 - INFO - ๐ ุฑุจุงุช ุชูฺฏุฑุงู ุดุฑูุน ุดุฏ (PID: 827)
2025-07-25 06:33:11,672 - INFO - ๐ ุฑุจุงุช ุฑุงูโุงูุฏุงุฒ ูุฌุฏุฏ ุดุฏ (ุชุนุฏุงุฏ: 1)
2025-07-25 06:34:26,709 - INFO - ๐ ุฏุฑุงูุช ุณฺฏูุงู 15 - ุดุฑูุน ุฎุฑูุฌ ุงูู...
2025-07-25 06:34:30,032 - INFO - ๐ค ULTRA_PLUS_BOT - ูุฏุฑ ููุงูู ุฑุจุงุช ุชูฺฏุฑุงู
2025-07-25 06:34:30,033 - INFO - ============================================================
2025-07-25 06:34:30,033 - INFO - โ ูุณุชูู ุงุฒ ูุถุนุช ูุฑูุฑฺฏุฑ
2025-07-25 06:34:30,033 - INFO - ๐ ุฑุงูโุงูุฏุงุฒ ูุฌุฏุฏ ุฎูุฏฺฉุงุฑ
2025-07-25 06:34:30,034 - INFO - ๐ก๏ธ ููุงูู ุฏุฑ ุจุฑุงุจุฑ ุฎุฑุงุจ
2025-07-25 06:34:30,034 - INFO - ๐ ุงุชุตุงู ูุณุชูู ุจู ุงูุชุฑูุช
2025-07-25 06:34:30,034 - INFO - ============================================================
2025-07-25 06:34:30,034 - INFO - โ ุชูฺฉู ุชูฺฏุฑุงู ููุฌูุฏ ุงุณุช
2025-07-25 06:34:30,037 - INFO - ๐ ุฑุจุงุช ุชูฺฏุฑุงู ุดุฑูุน ุดุฏ (PID: 1156)
2025-07-25 06:34:30,046 - INFO - ๐ ุดุฑูุน ูุธุงุฑุช ุจุฑ ุฑุจุงุช...
2025-07-25 07:50:25,290 - INFO - ๐ค ULTRA_PLUS_BOT - ูุฏุฑ ููุงูู ุฑุจุงุช ุชูฺฏุฑุงู
2025-07-25 07:50:25,306 - INFO - ============================================================
2025-07-25 07:50:25,306 - INFO - โ ูุณุชูู ุงุฒ ูุถุนุช ูุฑูุฑฺฏุฑ
2025-07-25 07:50:25,306 - INFO - ๐ ุฑุงูโุงูุฏุงุฒ ูุฌุฏุฏ ุฎูุฏฺฉุงุฑ
2025-07-25 07:50:25,308 - INFO - ๐ก๏ธ ููุงูู ุฏุฑ ุจุฑุงุจุฑ ุฎุฑุงุจ
2025-07-25 07:50:25,308 - INFO - ๐ ุงุชุตุงู ูุณุชูู ุจู ุงูุชุฑูุช
2025-07-25 07:50:25,308 - INFO - ============================================================
2025-07-25 07:50:25,308 - INFO - โ ุชูฺฉู ุชูฺฏุฑุงู ููุฌูุฏ ุงุณุช
2025-07-25 07:50:25,310 - INFO - ๐ ุฑุจุงุช ุชูฺฏุฑุงู ุดุฑูุน ุดุฏ (PID: 760)
2025-07-25 07:50:25,314 - INFO - ๐ ุดุฑูุน ูุธุงุฑุช ุจุฑ ุฑุจุงุช...
2025-07-25 08:30:52,724 - INFO - ๐ค ULTRA_PLUS_BOT - ูุฏุฑ ููุงูู ุฑุจุงุช ุชูฺฏุฑุงู
2025-07-25 08:30:52,729 - INFO - ============================================================
2025-07-25 08:30:52,729 - INFO - โ ูุณุชูู ุงุฒ ูุถุนุช ูุฑูุฑฺฏุฑ
2025-07-25 08:30:52,729 - INFO - ๐ ุฑุงูโุงูุฏุงุฒ ูุฌุฏุฏ ุฎูุฏฺฉุงุฑ
2025-07-25 08:30:52,730 - INFO - ๐ก๏ธ ููุงูู ุฏุฑ ุจุฑุงุจุฑ ุฎุฑุงุจ
2025-07-25 08:30:52,730 - INFO - ๐ ุงุชุตุงู ูุณุชูู ุจู ุงูุชุฑูุช
2025-07-25 08:30:52,734 - INFO - ============================================================
2025-07-25 08:30:52,734 - INFO - โ ุชูฺฉู ุชูฺฏุฑุงู ููุฌูุฏ ุงุณุช
2025-07-25 08:30:52,735 - INFO - ๐ ุฑุจุงุช ุชูฺฏุฑุงู ุดุฑูุน ุดุฏ (PID: 259)
2025-07-25 08:30:52,740 - INFO - ๐ ุดุฑูุน ูุธุงุฑุช ุจุฑ ุฑุจุงุช...
2025-07-25 08:32:17,806 - INFO - ๐ ุฏุฑุงูุช ุณฺฏูุงู 15 - ุดุฑูุน ุฎุฑูุฌ ุงูู...
2025-07-25 08:32:21,021 - INFO - ๐ค ULTRA_PLUS_BOT - ูุฏุฑ ููุงูู ุฑุจุงุช ุชูฺฏุฑุงู
2025-07-25 08:32:21,021 - INFO - ============================================================
2025-07-25 08:32:21,021 - INFO - โ ูุณุชูู ุงุฒ ูุถุนุช ูุฑูุฑฺฏุฑ
2025-07-25 08:32:21,021 - INFO - ๐ ุฑุงูโุงูุฏุงุฒ ูุฌุฏุฏ ุฎูุฏฺฉุงุฑ
2025-07-25 08:32:21,021 - INFO - ๐ก๏ธ ููุงูู ุฏุฑ ุจุฑุงุจุฑ ุฎุฑุงุจ
2025-07-25 08:32:21,021 - INFO - ๐ ุงุชุตุงู ูุณุชูู ุจู ุงูุชุฑูุช
2025-07-25 08:32:21,021 - INFO - ============================================================
2025-07-25 08:32:21,022 - INFO - โ ุชูฺฉู ุชูฺฏุฑุงู ููุฌูุฏ ุงุณุช
2025-07-25 08:32:21,022 - INFO - ๐ ุฑุจุงุช ุชูฺฏุฑุงู ุดุฑูุน ุดุฏ (PID: 438)
2025-07-25 08:32:21,023 - INFO - ๐ ุดุฑูุน ูุธุงุฑุช ุจุฑ ุฑุจุงุช...
2025-07-25 08:38:08,423 - INFO - ๐ค ULTRA_PLUS_BOT - ูุฏุฑ ููุงูู ุฑุจุงุช ุชูฺฏุฑุงู
2025-07-25 08:38:08,426 - INFO - ============================================================
2025-07-25 08:38:08,426 - INFO - โ ูุณุชูู ุงุฒ ูุถุนุช ูุฑูุฑฺฏุฑ
2025-07-25 08:38:08,426 - INFO - ๐ ุฑุงูโุงูุฏุงุฒ ูุฌุฏุฏ ุฎูุฏฺฉุงุฑ
2025-07-25 08:38:08,427 - INFO - ๐ก๏ธ ููุงูู ุฏุฑ ุจุฑุงุจุฑ ุฎุฑุงุจ
2025-07-25 08:38:08,427 - INFO - ๐ ุงุชุตุงู ูุณุชูู ุจู ุงูุชุฑูุช
2025-07-25 08:38:08,427 - INFO - ============================================================
2025-07-25 08:38:08,427 - INFO - โ ุชูฺฉู ุชูฺฏุฑุงู ููุฌูุฏ ุงุณุช
2025-07-25 08:38:08,427 - INFO - ๐ ุฑุจุงุช ุชูฺฏุฑุงู ุดุฑูุน ุดุฏ (PID: 160)
2025-07-25 08:38:08,429 - INFO - ๐ ุดุฑูุน ูุธุงุฑุช ุจุฑ ุฑุจุงุช...
2025-07-25 09:12:42,489 - INFO - ๐ค ULTRA_PLUS_BOT - ูุฏุฑ ููุงูู ุฑุจุงุช ุชูฺฏุฑุงู
2025-07-25 09:12:42,491 - INFO - ============================================================
2025-07-25 09:12:42,492 - INFO - โ ูุณุชูู ุงุฒ ูุถุนุช ูุฑูุฑฺฏุฑ
2025-07-25 09:12:42,492 - INFO - ๐ ุฑุงูโุงูุฏุงุฒ ูุฌุฏุฏ ุฎูุฏฺฉุงุฑ
2025-07-25 09:12:42,492 - INFO - ๐ก๏ธ ููุงูู ุฏุฑ ุจุฑุงุจุฑ ุฎุฑุงุจ
2025-07-25 09:12:42,492 - INFO - ๐ ุงุชุตุงู ูุณุชูู ุจู ุงูุชุฑูุช
2025-07-25 09:12:42,493 - INFO - ============================================================
2025-07-25 09:12:42,493 - INFO - โ ุชูฺฉู ุชูฺฏุฑุงู ููุฌูุฏ ุงุณุช
2025-07-25 09:12:42,493 - INFO - ๐ ุฑุจุงุช ุชูฺฏุฑุงู ุดุฑูุน ุดุฏ (PID: 351)
2025-07-25 09:12:42,498 - INFO - ๐ ุดุฑูุน ูุธุงุฑุช ุจุฑ ุฑุจุงุช...
2025-07-25 09:19:54,595 - INFO - ๐ ุฏุฑุงูุช ุณฺฏูุงู 15 - ุดุฑูุน ุฎุฑูุฌ ุงูู...
2025-07-25 09:19:57,510 - INFO - ๐งน ุดุฑูุน ูพุงฺฉุณุงุฒ...
2025-07-25 09:19:57,510 - INFO - ๐ ูุชููู ฺฉุฑุฏู ุฑุจุงุช...
2025-07-25 09:19:57,510 - INFO - โ ุฑุจุงุช ูุชููู ุดุฏ
2025-07-25 09:19:57,510 - INFO - ๐ ูุฏุฑ ููุงูู ุฑุจุงุช ุฎุงุชูู ุงูุช
2025-07-25 09:19:57,510 - INFO - ๐ ุขูุงุฑ ููุง: 0 ุจุงุฑ ุฑุงูโุงูุฏุงุฒ ูุฌุฏุฏ
2025-07-25 09:19:58,286 - INFO - ๐ค ULTRA_PLUS_BOT - ูุฏุฑ ููุงูู ุฑุจุงุช ุชูฺฏุฑุงู
2025-07-25 09:19:58,287 - INFO - ============================================================
2025-07-25 09:19:58,287 - INFO - โ ูุณุชูู ุงุฒ ูุถุนุช ูุฑูุฑฺฏุฑ
2025-07-25 09:19:58,287 - INFO - ๐ ุฑุงูโุงูุฏุงุฒ ูุฌุฏุฏ ุฎูุฏฺฉุงุฑ
2025-07-25 09:19:58,287 - INFO - ๐ก๏ธ ููุงูู ุฏุฑ ุจุฑุงุจุฑ ุฎุฑุงุจ
2025-07-25 09:19:58,287 - INFO - ๐ ุงุชุตุงู ูุณุชูู ุจู ุงูุชุฑูุช
2025-07-25 09:19:58,287 - INFO - ============================================================
2025-07-25 09:19:58,287 - INFO - โ ุชูฺฉู ุชูฺฏุฑุงู ููุฌูุฏ ุงุณุช
2025-07-25 09:19:58,288 - INFO - ๐ ุฑุจุงุช ุชูฺฏุฑุงู ุดุฑูุน ุดุฏ (PID: 986)
2025-07-25 09:19:58,288 - INFO - ๐ ุดุฑูุน ูุธุงุฑุช ุจุฑ ุฑุจุงุช...
2025-07-25 12:19:22,195 - INFO - ๐ค ULTRA_PLUS_BOT - ูุฏุฑ ููุงูู ุฑุจุงุช ุชูฺฏุฑุงู
2025-07-25 12:19:22,197 - INFO - ============================================================
2025-07-25 12:19:22,197 - INFO - โ ูุณุชูู ุงุฒ ูุถุนุช ูุฑูุฑฺฏุฑ
2025-07-25 12:19:22,197 - INFO - ๐ ุฑุงูโุงูุฏุงุฒ ูุฌุฏุฏ ุฎูุฏฺฉุงุฑ
2025-07-25 12:19:22,197 - INFO - ๐ก๏ธ ููุงูู ุฏุฑ ุจุฑุงุจุฑ ุฎุฑุงุจ
2025-07-25 12:19:22,198 - INFO - ๐ ุงุชุตุงู ูุณุชูู ุจู ุงูุชุฑูุช
2025-07-25 12:19:22,198 - INFO - ============================================================
2025-07-25 12:19:22,198 - INFO - โ ุชูฺฉู ุชูฺฏุฑุงู ููุฌูุฏ ุงุณุช
2025-07-25 12:19:22,198 - INFO - ๐ ุฑุจุงุช ุชูฺฏุฑุงู ุดุฑูุน ุดุฏ (PID: 257)
2025-07-25 12:19:22,199 - INFO - ๐ ุดุฑูุน ูุธุงุฑุช ุจุฑ ุฑุจุงุช...
2025-07-25 12:40:44,596 - INFO - ๐ค ULTRA_PLUS_BOT - ูุฏุฑ ููุงูู ุฑุจุงุช ุชูฺฏุฑุงู
2025-07-25 12:40:44,852 - INFO - ============================================================
2025-07-25 12:40:44,852 - INFO - โ ูุณุชูู ุงุฒ ูุถุนุช ูุฑูุฑฺฏุฑ
2025-07-25 12:40:44,853 - INFO - ๐ ุฑุงูโุงูุฏุงุฒ ูุฌุฏุฏ ุฎูุฏฺฉุงุฑ
2025-07-25 12:40:44,853 - INFO - ๐ก๏ธ ููุงูู ุฏุฑ ุจุฑุงุจุฑ ุฎุฑุงุจ
2025-07-25 12:40:44,853 - INFO - ๐ ุงุชุตุงู ูุณุชูู ุจู ุงูุชุฑูุช
2025-07-25 12:40:44,853 - INFO - ============================================================
2025-07-25 12:40:44,853 - INFO - โ ุชูฺฉู ุชูฺฏุฑุงู ููุฌูุฏ ุงุณุช
2025-07-25 12:40:44,860 - INFO - ๐ ุฑุจุงุช ุชูฺฏุฑุงู ุดุฑูุน ุดุฏ (PID: 107)
2025-07-25 12:40:44,866 - INFO - ๐ ุดุฑูุน ูุธุงุฑุช ุจุฑ ุฑุจุงุช...
2025-07-25 14:21:48,457 - INFO - ๐ค ULTRA_PLUS_BOT - ูุฏุฑ ููุงูู ุฑุจุงุช ุชูฺฏุฑุงู
2025-07-25 14:21:48,686 - INFO - ============================================================
2025-07-25 14:21:48,686 - INFO - โ ูุณุชูู ุงุฒ ูุถุนุช ูุฑูุฑฺฏุฑ
2025-07-25 14:21:48,686 - INFO - ๐ ุฑุงูโุงูุฏุงุฒ ูุฌุฏุฏ ุฎูุฏฺฉุงุฑ
2025-07-25 14:21:48,686 - INFO - ๐ก๏ธ ููุงูู ุฏุฑ ุจุฑุงุจุฑ ุฎุฑุงุจ
2025-07-25 14:21:48,686 - INFO - ๐ ุงุชุตุงู ูุณุชูู ุจู ุงูุชุฑูุช
2025-07-25 14:21:48,686 - INFO - ============================================================
2025-07-25 14:21:48,686 - INFO - โ ุชูฺฉู ุชูฺฏุฑุงู ููุฌูุฏ ุงุณุช
2025-07-25 14:21:48,687 - INFO - ๐ ุฑุจุงุช ุชูฺฏุฑุงู ุดุฑูุน ุดุฏ (PID: 199)
2025-07-25 14:21:48,687 - INFO - ๐ ุดุฑูุน ูุธุงุฑุช ุจุฑ ุฑุจุงุช...
2025-07-25 14:23:01,428 - INFO - ๐ ุฏุฑุงูุช ุณฺฏูุงู 15 - ุดุฑูุน ุฎุฑูุฌ ุงูู...
2025-07-25 14:23:03,689 - INFO - ๐งน ุดุฑูุน ูพุงฺฉุณุงุฒ...
2025-07-25 14:23:03,689 - INFO - ๐ ูุชููู ฺฉุฑุฏู ุฑุจุงุช...
2025-07-25 14:23:03,689 - INFO - โ ุฑุจุงุช ูุชููู ุดุฏ
2025-07-25 14:23:03,689 - INFO - ๐ ูุฏุฑ ููุงูู ุฑุจุงุช ุฎุงุชูู ุงูุช
2025-07-25 14:23:03,689 - INFO - ๐ ุขูุงุฑ ููุง: 0 ุจุงุฑ ุฑุงูโุงูุฏุงุฒ ูุฌุฏุฏ
2025-07-25 14:23:04,192 - INFO - ๐ค ULTRA_PLUS_BOT - ูุฏุฑ ููุงูู ุฑุจุงุช ุชูฺฏุฑุงู
2025-07-25 14:23:04,192 - INFO - ============================================================
2025-07-25 14:23:04,192 - INFO - โ ูุณุชูู ุงุฒ ูุถุนุช ูุฑูุฑฺฏุฑ
2025-07-25 14:23:04,192 - INFO - ๐ ุฑุงูโุงูุฏุงุฒ ูุฌุฏุฏ ุฎูุฏฺฉุงุฑ
2025-07-25 14:23:04,194 - INFO - ๐ก๏ธ ููุงูู ุฏุฑ ุจุฑุงุจุฑ ุฎุฑุงุจ
2025-07-25 14:23:04,194 - INFO - ๐ ุงุชุตุงู ูุณุชูู ุจู ุงูุชุฑูุช
2025-07-25 14:23:04,195 - INFO - ============================================================
2025-07-25 14:23:04,195 - INFO - โ ุชูฺฉู ุชูฺฏุฑุงู ููุฌูุฏ ุงุณุช
2025-07-25 14:23:04,196 - INFO - ๐ ุฑุจุงุช ุชูฺฏุฑุงู ุดุฑูุน ุดุฏ (PID: 454)
2025-07-25 14:23:04,196 - INFO - ๐ ุดุฑูุน ูุธุงุฑุช ุจุฑ ุฑุจุงุช...
2025-07-25 14:30:30,810 - INFO - ๐ ุฏุฑุงูุช ุณฺฏูุงู 15 - ุดุฑูุน ุฎุฑูุฌ ุงูู...
2025-07-25 14:30:34,079 - INFO - ๐ค ULTRA_PLUS_BOT - ูุฏุฑ ููุงูู ุฑุจุงุช ุชูฺฏุฑุงู
2025-07-25 14:30:34,081 - INFO - ============================================================
2025-07-25 14:30:34,081 - INFO - โ ูุณุชูู ุงุฒ ูุถุนุช ูุฑูุฑฺฏุฑ
2025-07-25 14:30:34,081 - INFO - ๐ ุฑุงูโุงูุฏุงุฒ ูุฌุฏุฏ ุฎูุฏฺฉุงุฑ
2025-07-25 14:30:34,081 - INFO - ๐ก๏ธ ููุงูู ุฏุฑ ุจุฑุงุจุฑ ุฎุฑุงุจ
2025-07-25 14:30:34,081 - INFO - ๐ ุงุชุตุงู ูุณุชูู ุจู ุงูุชุฑูุช
2025-07-25 14:30:34,082 - INFO - ============================================================
2025-07-25 14:30:34,082 - INFO - โ ุชูฺฉู ุชูฺฏุฑุงู ููุฌูุฏ ุงุณุช
2025-07-25 14:30:34,082 - INFO - ๐ ุฑุจุงุช ุชูฺฏุฑุงู ุดุฑูุน ุดุฏ (PID: 714)
2025-07-25 14:30:34,083 - INFO - ๐ ุดุฑูุน ูุธุงุฑุช ุจุฑ ุฑุจุงุช...
2025-07-25 14:31:23,018 - INFO - ๐ ุฏุฑุงูุช ุณฺฏูุงู 15 - ุดุฑูุน ุฎุฑูุฌ ุงูู...
2025-07-25 14:31:24,090 - INFO - ๐งน ุดุฑูุน ูพุงฺฉุณุงุฒ...
2025-07-25 14:31:24,091 - INFO - ๐ ูุชููู ฺฉุฑุฏู ุฑุจุงุช...
2025-07-25 14:31:24,091 - INFO - โ ุฑุจุงุช ูุชููู ุดุฏ
2025-07-25 14:31:24,091 - INFO - ๐ ูุฏุฑ ููุงูู ุฑุจุงุช ุฎุงุชูู ุงูุช
2025-07-25 14:31:24,091 - INFO - ๐ ุขูุงุฑ ููุง: 0 ุจุงุฑ ุฑุงูโุงูุฏุงุฒ ูุฌุฏุฏ
2025-07-25 14:31:24,570 - INFO - ๐ค ULTRA_PLUS_BOT - ูุฏุฑ ููุงูู ุฑุจุงุช ุชูฺฏุฑุงู
2025-07-25 14:31:24,571 - INFO - ============================================================
2025-07-25 14:31:24,571 - INFO - โ ูุณุชูู ุงุฒ ูุถุนุช ูุฑูุฑฺฏุฑ
2025-07-25 14:31:24,571 - INFO - ๐ ุฑุงูโุงูุฏุงุฒ ูุฌุฏุฏ ุฎูุฏฺฉุงุฑ
2025-07-25 14:31:24,571 - INFO - ๐ก๏ธ ููุงูู ุฏุฑ ุจุฑุงุจุฑ ุฎุฑุงุจ
2025-07-25 14:31:24,571 - INFO - ๐ ุงุชุตุงู ูุณุชูู ุจู ุงูุชุฑูุช
2025-07-25 14:31:24,571 - INFO - ============================================================
2025-07-25 14:31:24,572 - INFO - โ ุชูฺฉู ุชูฺฏุฑุงู ููุฌูุฏ ุงุณุช
2025-07-25 14:31:24,572 - INFO - ๐ ุฑุจุงุช ุชูฺฏุฑุงู ุดุฑูุน ุดุฏ (PID: 883)
2025-07-25 14:31:24,573 - INFO - ๐ ุดุฑูุน ูุธุงุฑุช ุจุฑ ุฑุจุงุช...
2025-07-25 14:32:02,687 - INFO - ๐ ุฏุฑุงูุช ุณฺฏูุงู 15 - ุดุฑูุน ุฎุฑูุฌ ุงูู...
2025-07-25 14:32:04,573 - INFO - ๐งน ุดุฑูุน ูพุงฺฉุณุงุฒ...
2025-07-25 14:32:04,574 - INFO - ๐ ูุชููู ฺฉุฑุฏู ุฑุจุงุช...
2025-07-25 14:32:04,574 - INFO - โ ุฑุจุงุช ูุชููู ุดุฏ
2025-07-25 14:32:04,574 - INFO - ๐ ูุฏุฑ ููุงูู ุฑุจุงุช ุฎุงุชูู ุงูุช
2025-07-25 14:32:04,574 - INFO - ๐ ุขูุงุฑ ููุง: 0 ุจุงุฑ ุฑุงูโุงูุฏุงุฒ ูุฌุฏุฏ
2025-07-25 14:32:05,005 - INFO - ๐ค ULTRA_PLUS_BOT - ูุฏุฑ ููุงูู ุฑุจุงุช ุชูฺฏุฑุงู
2025-07-25 14:32:05,005 - INFO - ============================================================
2025-07-25 14:32:05,005 - INFO - โ ูุณุชูู ุงุฒ ูุถุนุช ูุฑูุฑฺฏุฑ
2025-07-25 14:32:05,006 - INFO - ๐ ุฑุงูโุงูุฏุงุฒ ูุฌุฏุฏ ุฎูุฏฺฉุงุฑ
2025-07-25 14:32:05,006 - INFO - ๐ก๏ธ ููุงูู ุฏุฑ ุจุฑุงุจุฑ ุฎุฑุงุจ
2025-07-25 14:32:05,006 - INFO - ๐ ุงุชุตุงู ูุณุชูู ุจู ุงูุชุฑูุช
2025-07-25 14:32:05,006 - INFO - ============================================================
2025-07-25 14:32:05,007 - INFO - โ ุชูฺฉู ุชูฺฏุฑุงู ููุฌูุฏ ุงุณุช
2025-07-25 14:32:05,007 - INFO - ๐ ุฑุจุงุช ุชูฺฏุฑุงู ุดุฑูุน ุดุฏ (PID: 989)
2025-07-25 14:32:05,008 - INFO - ๐ ุดุฑูุน ูุธุงุฑุช ุจุฑ ุฑุจุงุช...
2025-07-25 14:32:21,427 - INFO - ๐ ุฏุฑุงูุช ุณฺฏูุงู 15 - ุดุฑูุน ุฎุฑูุฌ ุงูู...
2025-07-25 14:32:24,681 - INFO - ๐ค ULTRA_PLUS_BOT - ูุฏุฑ ููุงูู ุฑุจุงุช ุชูฺฏุฑุงู
2025-07-25 14:32:24,681 - INFO - ============================================================
2025-07-25 14:32:24,681 - INFO - โ ูุณุชูู ุงุฒ ูุถุนุช ูุฑูุฑฺฏุฑ
2025-07-25 14:32:24,681 - INFO - ๐ ุฑุงูโุงูุฏุงุฒ ูุฌุฏุฏ ุฎูุฏฺฉุงุฑ
2025-07-25 14:32:24,681 - INFO - ๐ก๏ธ ููุงูู ุฏุฑ ุจุฑุงุจุฑ ุฎุฑุงุจ
2025-07-25 14:32:24,682 - INFO - ๐ ุงุชุตุงู ูุณุชูู ุจู ุงูุชุฑูุช
2025-07-25 14:32:24,682 - INFO - ============================================================
2025-07-25 14:32:24,682 - INFO - โ ุชูฺฉู ุชูฺฏุฑุงู ููุฌูุฏ ุงุณุช
2025-07-25 14:32:24,683 - INFO - ๐ ุฑุจุงุช ุชูฺฏุฑุงู ุดุฑูุน ุดุฏ (PID: 1047)
2025-07-25 14:32:24,685 - INFO - ๐ ุดุฑูุน ูุธุงุฑุช ุจุฑ ุฑุจุงุช...
2025-07-25 15:07:11,953 - INFO - ๐ค ULTRA_PLUS_BOT - ูุฏุฑ ููุงูู ุฑุจุงุช ุชูฺฏุฑุงู
2025-07-25 15:07:11,976 - INFO - ============================================================
2025-07-25 15:07:11,976 - INFO - โ ูุณุชูู ุงุฒ ูุถุนุช ูุฑูุฑฺฏุฑ
2025-07-25 15:07:11,976 - INFO - ๐ ุฑุงูโุงูุฏุงุฒ ูุฌุฏุฏ ุฎูุฏฺฉุงุฑ
2025-07-25 15:07:11,977 - INFO - ๐ก๏ธ ููุงูู ุฏุฑ ุจุฑุงุจุฑ ุฎุฑุงุจ
2025-07-25 15:07:11,977 - INFO - ๐ ุงุชุตุงู ูุณุชูู ุจู ุงูุชุฑูุช
2025-07-25 15:07:11,977 - INFO - ============================================================
2025-07-25 15:07:11,977 - INFO - โ ุชูฺฉู ุชูฺฏุฑุงู ููุฌูุฏ ุงุณุช
2025-07-25 15:07:11,977 - INFO - ๐ ุฑุจุงุช ุชูฺฏุฑุงู ุดุฑูุน ุดุฏ (PID: 194)
2025-07-25 15:07:11,978 - INFO - ๐ ุดุฑูุน ูุธุงุฑุช ุจุฑ ุฑุจุงุช...
2025-07-25 15:15:43,496 - INFO - ๐ ุฏุฑุงูุช ุณฺฏูุงู 15 - ุดุฑูุน ุฎุฑูุฌ ุงูู...
2025-07-25 15:15:46,691 - INFO - ๐ค ULTRA_PLUS_BOT - ูุฏุฑ ููุงูู ุฑุจุงุช ุชูฺฏุฑุงู
2025-07-25 15:15:46,692 - INFO - ============================================================
2025-07-25 15:15:46,692 - INFO - โ ูุณุชูู ุงุฒ ูุถุนุช ูุฑูุฑฺฏุฑ
2025-07-25 15:15:46,692 - INFO - ๐ ุฑุงูโุงูุฏุงุฒ ูุฌุฏุฏ ุฎูุฏฺฉุงุฑ
2025-07-25 15:15:46,693 - INFO - ๐ก๏ธ ููุงูู ุฏุฑ ุจุฑุงุจุฑ ุฎุฑุงุจ
2025-07-25 15:15:46,693 - INFO - ๐ ุงุชุตุงู ูุณุชูู ุจู ุงูุชุฑูุช
2025-07-25 15:15:46,693 - INFO - ============================================================
2025-07-25 15:15:46,693 - INFO - โ ุชูฺฉู ุชูฺฏุฑุงู ููุฌูุฏ ุงุณุช
2025-07-25 15:15:46,693 - INFO - ๐ ุฑุจุงุช ุชูฺฏุฑุงู ุดุฑูุน ุดุฏ (PID: 2099)
2025-07-25 15:15:46,694 - INFO - ๐ ุดุฑูุน ูุธุงุฑุช ุจุฑ ุฑุจุงุช...
2025-07-25 15:21:05,245 - INFO - ๐ค ULTRA_PLUS_BOT - ูุฏุฑ ููุงูู ุฑุจุงุช ุชูฺฏุฑุงู
2025-07-25 15:21:05,245 - INFO - ============================================================
2025-07-25 15:21:05,247 - INFO - โ ูุณุชูู ุงุฒ ูุถุนุช ูุฑูุฑฺฏุฑ
2025-07-25 15:21:05,247 - INFO - ๐ ุฑุงูโุงูุฏุงุฒ ูุฌุฏุฏ ุฎูุฏฺฉุงุฑ
2025-07-25 15:21:05,247 - INFO - ๐ก๏ธ ููุงูู ุฏุฑ ุจุฑุงุจุฑ ุฎุฑุงุจ
2025-07-25 15:21:05,247 - INFO - ๐ ุงุชุตุงู ูุณุชูู ุจู ุงูุชุฑูุช
2025-07-25 15:21:05,248 - INFO - ============================================================
2025-07-25 15:21:05,255 - INFO - โ ุชูฺฉู ุชูฺฏุฑุงู ููุฌูุฏ ุงุณุช
2025-07-25 15:21:05,257 - INFO - ๐ ุฑุจุงุช ุชูฺฏุฑุงู ุดุฑูุน ุดุฏ (PID: 3385)
2025-07-25 15:21:05,260 - INFO - ๐ ุดุฑูุน ูุธุงุฑุช ุจุฑ ุฑุจุงุช...
2025-07-25 15:23:16,226 - INFO - ๐ ุฏุฑุงูุช ุณฺฏูุงู 15 - ุดุฑูุน ุฎุฑูุฌ ุงูู...
2025-07-25 15:23:16,707 - INFO - ๐งน ุดุฑูุน ูพุงฺฉุณุงุฒ...
2025-07-25 15:23:16,707 - INFO - ๐ ูุชููู ฺฉุฑุฏู ุฑุจุงุช...
2025-07-25 15:23:16,707 - INFO - โ ุฑุจุงุช ูุชููู ุดุฏ
2025-07-25 15:23:16,708 - INFO - ๐ ูุฏุฑ ููุงูู ุฑุจุงุช ุฎุงุชูู ุงูุช
2025-07-25 15:23:16,708 - INFO - ๐ ุขูุงุฑ ููุง: 0 ุจุงุฑ ุฑุงูโุงูุฏุงุฒ ูุฌุฏุฏ
2025-07-25 15:23:18,938 - INFO - ๐ค ULTRA_PLUS_BOT - ูุฏุฑ ููุงูู ุฑุจุงุช ุชูฺฏุฑุงู
2025-07-25 15:23:18,938 - INFO - ============================================================
2025-07-25 15:23:18,938 - INFO - โ ูุณุชูู ุงุฒ ูุถุนุช ูุฑูุฑฺฏุฑ
2025-07-25 15:23:18,938 - INFO - ๐ ุฑุงูโุงูุฏุงุฒ ูุฌุฏุฏ ุฎูุฏฺฉุงุฑ
2025-07-25 15:23:18,938 - INFO - ๐ก๏ธ ููุงูู ุฏุฑ ุจุฑุงุจุฑ ุฎุฑุงุจ
2025-07-25 15:23:18,938 - INFO - ๐ ุงุชุตุงู ูุณุชูู ุจู ุงูุชุฑูุช
2025-07-25 15:23:18,939 - INFO - ============================================================
2025-07-25 15:23:18,939 - INFO - โ ุชูฺฉู ุชูฺฏุฑุงู ููุฌูุฏ ุงุณุช
2025-07-25 15:23:18,939 - INFO - ๐ ุฑุจุงุช ุชูฺฏุฑุงู ุดุฑูุน ุดุฏ (PID: 3709)
2025-07-25 15:23:18,941 - INFO - ๐ ุดุฑูุน ูุธุงุฑุช ุจุฑ ุฑุจุงุช...
2025-07-25 15:27:53,319 - INFO - ๐ ุฏุฑุงูุช ุณฺฏูุงู 15 - ุดุฑูุน ุฎุฑูุฌ ุงูู...
2025-07-25 15:27:55,277 - INFO - ๐งน ุดุฑูุน ูพุงฺฉุณุงุฒ...
2025-07-25 15:27:55,277 - INFO - ๐ ูุชููู ฺฉุฑุฏู ุฑุจุงุช...
2025-07-25 15:27:55,277 - INFO - โ ุฑุจุงุช ูุชููู ุดุฏ
2025-07-25 15:27:55,278 - INFO - ๐ ูุฏุฑ ููุงูู ุฑุจุงุช ุฎุงุชูู ุงูุช
2025-07-25 15:27:55,278 - INFO - ๐ ุขูุงุฑ ููุง: 0 ุจุงุฑ ุฑุงูโุงูุฏุงุฒ ูุฌุฏุฏ
2025-07-25 15:28:18,949 - WARNING - โ๏ธ ุฑุจุงุช ูุชููู ุดุฏู - ุชูุงุด ุจุฑุง ุฑุงูโุงูุฏุงุฒ ูุฌุฏุฏ...
2025-07-25 15:28:18,956 - INFO - ๐ ูุชููู ฺฉุฑุฏู ุฑุจุงุช...
2025-07-25 15:28:18,956 - INFO - โ ุฑุจุงุช ูุชููู ุดุฏ
2025-07-25 15:28:20,957 - INFO - ๐ ุฑุจุงุช ุชูฺฏุฑุงู ุดุฑูุน ุดุฏ (PID: 4425)
2025-07-25 15:28:20,957 - INFO - ๐ ุฑุจุงุช ุฑุงูโุงูุฏุงุฒ ูุฌุฏุฏ ุดุฏ (ุชุนุฏุงุฏ: 1)
2025-07-25 15:29:52,666 - INFO - ๐ ุฏุฑุงูุช ุณฺฏูุงู 15 - ุดุฑูุน ุฎุฑูุฌ ุงูู...
2025-07-25 15:29:55,959 - INFO - ๐งน ุดุฑูุน ูพุงฺฉุณุงุฒ...
2025-07-25 15:29:55,960 - INFO - ๐ ูุชููู ฺฉุฑุฏู ุฑุจุงุช...
2025-07-25 15:29:55,960 - INFO - โ ุฑุจุงุช ูุชููู ุดุฏ
2025-07-25 15:29:55,960 - INFO - ๐ ูุฏุฑ ููุงูู ุฑุจุงุช ุฎุงุชูู ุงูุช
2025-07-25 15:29:55,960 - INFO - ๐ ุขูุงุฑ ููุง: 1 ุจุงุฑ ุฑุงูโุงูุฏุงุฒ ูุฌุฏุฏ
